# JRE version: OpenJDK Runtime Environment (8.0_152) (build 1.8.0_152-release-1343-b16-5323222)
# Java VM: OpenJDK 64-Bit Server VM (25.152-b16-5323222 mixed mode linux-amd64 compressed oops)
Heap:
 PSYoungGen      total 351232K, used 0K [0x00000000e0000000, 0x00000000ff400000, 0x0000000100000000)
  eden space 203776K, 0% used [0x00000000e0000000,0x00000000e0000000,0x00000000ec700000)
  from space 147456K, 0% used [0x00000000ec700000,0x00000000ec700000,0x00000000f5700000)
  to   space 143872K, 0% used [0x00000000f6780000,0x00000000f6780000,0x00000000ff400000)
 ParOldGen       total 311296K, used 247342K [0x00000000a0000000, 0x00000000b3000000, 0x00000000e0000000)
  object space 311296K, 79% used [0x00000000a0000000,0x00000000af18bac8,0x00000000b3000000)
 Metaspace       used 112364K, capacity 117179K, committed 117400K, reserved 1150976K
  class space    used 14027K, capacity 14997K, committed 15008K, reserved 1048576K
GC Heap History (10 events):
Event: 620,005 GC heap after
Heap after GC invocations=36 (full 5):
 PSYoungGen      total 254464K, used 79083K [0x00000000e0000000, 0x00000000ff600000, 0x0000000100000000)
  eden space 175104K, 0% used [0x00000000e0000000,0x00000000e0000000,0x00000000eab00000)
  from space 79360K, 99% used [0x00000000eab00000,0x00000000ef83ad68,0x00000000ef880000)
  to   space 167936K, 0% used [0x00000000f5200000,0x00000000f5200000,0x00000000ff600000)
 ParOldGen       total 311296K, used 108673K [0x00000000a0000000, 0x00000000b3000000, 0x00000000e0000000)
  object space 311296K, 34% used [0x00000000a0000000,0x00000000a6a20590,0x00000000b3000000)
 Metaspace       used 111147K, capacity 115769K, committed 116376K, reserved 1150976K
  class space    used 13894K, capacity 14840K, committed 15008K, reserved 1048576K
}
Event: 620,489 GC heap before
{Heap before GC invocations=37 (full 5):
 PSYoungGen      total 254464K, used 254187K [0x00000000e0000000, 0x00000000ff600000, 0x0000000100000000)
  eden space 175104K, 100% used [0x00000000e0000000,0x00000000eab00000,0x00000000eab00000)
  from space 79360K, 99% used [0x00000000eab00000,0x00000000ef83ad68,0x00000000ef880000)
  to   space 167936K, 0% used [0x00000000f5200000,0x00000000f5200000,0x00000000ff600000)
 ParOldGen       total 311296K, used 108673K [0x00000000a0000000, 0x00000000b3000000, 0x00000000e0000000)
  object space 311296K, 34% used [0x00000000a0000000,0x00000000a6a20590,0x00000000b3000000)
 Metaspace       used 111208K, capacity 115847K, committed 116376K, reserved 1150976K
  class space    used 13895K, capacity 14841K, committed 15008K, reserved 1048576K
Event: 620,539 GC heap after
Heap after GC invocations=37 (full 5):
 PSYoungGen      total 356352K, used 67228K [0x00000000e0000000, 0x0000000100000000, 0x0000000100000000)
  eden space 188416K, 0% used [0x00000000e0000000,0x00000000e0000000,0x00000000eb800000)
  from space 167936K, 40% used [0x00000000f5200000,0x00000000f93a7318,0x00000000ff600000)
  to   space 157696K, 0% used [0x00000000eb800000,0x00000000eb800000,0x00000000f5200000)
 ParOldGen       total 311296K, used 112855K [0x00000000a0000000, 0x00000000b3000000, 0x00000000e0000000)
  object space 311296K, 36% used [0x00000000a0000000,0x00000000a6e35f10,0x00000000b3000000)
 Metaspace       used 111208K, capacity 115847K, committed 116376K, reserved 1150976K
  class space    used 13895K, capacity 14841K, committed 15008K, reserved 1048576K
}
Event: 620,919 GC heap before
{Heap before GC invocations=38 (full 5):
 PSYoungGen      total 356352K, used 255644K [0x00000000e0000000, 0x0000000100000000, 0x0000000100000000)
  eden space 188416K, 100% used [0x00000000e0000000,0x00000000eb800000,0x00000000eb800000)
  from space 167936K, 40% used [0x00000000f5200000,0x00000000f93a7318,0x00000000ff600000)
  to   space 157696K, 0% used [0x00000000eb800000,0x00000000eb800000,0x00000000f5200000)
 ParOldGen       total 311296K, used 112855K [0x00000000a0000000, 0x00000000b3000000, 0x00000000e0000000)
  object space 311296K, 36% used [0x00000000a0000000,0x00000000a6e35f10,0x00000000b3000000)
 Metaspace       used 111210K, capacity 115847K, committed 116376K, reserved 1150976K
  class space    used 13895K, capacity 14841K, committed 15008K, reserved 1048576K
Event: 621,040 GC heap after
Heap after GC invocations=38 (full 5):
 PSYoungGen      total 346112K, used 46154K [0x00000000e0000000, 0x00000000fec00000, 0x0000000100000000)
  eden space 188416K, 0% used [0x00000000e0000000,0x00000000e0000000,0x00000000eb800000)
  from space 157696K, 29% used [0x00000000eb800000,0x00000000ee512800,0x00000000f5200000)
  to   space 152576K, 0% used [0x00000000f5700000,0x00000000f5700000,0x00000000fec00000)
 ParOldGen       total 311296K, used 161756K [0x00000000a0000000, 0x00000000b3000000, 0x00000000e0000000)
  object space 311296K, 51% used [0x00000000a0000000,0x00000000a9df7178,0x00000000b3000000)
 Metaspace       used 111210K, capacity 115847K, committed 116376K, reserved 1150976K
  class space    used 13895K, capacity 14841K, committed 15008K, reserved 1048576K
}
Event: 622,069 GC heap before
{Heap before GC invocations=39 (full 5):
 PSYoungGen      total 346112K, used 234570K [0x00000000e0000000, 0x00000000fec00000, 0x0000000100000000)
  eden space 188416K, 100% used [0x00000000e0000000,0x00000000eb800000,0x00000000eb800000)
  from space 157696K, 29% used [0x00000000eb800000,0x00000000ee512800,0x00000000f5200000)
  to   space 152576K, 0% used [0x00000000f5700000,0x00000000f5700000,0x00000000fec00000)
 ParOldGen       total 311296K, used 161756K [0x00000000a0000000, 0x00000000b3000000, 0x00000000e0000000)
  object space 311296K, 51% used [0x00000000a0000000,0x00000000a9df7178,0x00000000b3000000)
 Metaspace       used 111269K, capacity 115869K, committed 116376K, reserved 1150976K
  class space    used 13902K, capacity 14844K, committed 15008K, reserved 1048576K
Event: 622,145 GC heap after
Heap after GC invocations=39 (full 5):
 PSYoungGen      total 356352K, used 43329K [0x00000000e0000000, 0x00000000ff100000, 0x0000000100000000)
  eden space 203776K, 0% used [0x00000000e0000000,0x00000000e0000000,0x00000000ec700000)
  from space 152576K, 28% used [0x00000000f5700000,0x00000000f81507e8,0x00000000fec00000)
  to   space 147456K, 0% used [0x00000000ec700000,0x00000000ec700000,0x00000000f5700000)
 ParOldGen       total 311296K, used 206572K [0x00000000a0000000, 0x00000000b3000000, 0x00000000e0000000)
  object space 311296K, 66% used [0x00000000a0000000,0x00000000ac9bb2b0,0x00000000b3000000)
 Metaspace       used 111269K, capacity 115869K, committed 116376K, reserved 1150976K
  class space    used 13902K, capacity 14844K, committed 15008K, reserved 1048576K
}
Event: 623,519 GC heap before
{Heap before GC invocations=40 (full 5):
 PSYoungGen      total 356352K, used 247105K [0x00000000e0000000, 0x00000000ff100000, 0x0000000100000000)
  eden space 203776K, 100% used [0x00000000e0000000,0x00000000ec700000,0x00000000ec700000)
  from space 152576K, 28% used [0x00000000f5700000,0x00000000f81507e8,0x00000000fec00000)
  to   space 147456K, 0% used [0x00000000ec700000,0x00000000ec700000,0x00000000f5700000)
 ParOldGen       total 311296K, used 206572K [0x00000000a0000000, 0x00000000b3000000, 0x00000000e0000000)
  object space 311296K, 66% used [0x00000000a0000000,0x00000000ac9bb2b0,0x00000000b3000000)
 Metaspace       used 112368K, capacity 117189K, committed 117400K, reserved 1150976K
  class space    used 14029K, capacity 15000K, committed 15008K, reserved 1048576K
Event: 623,610 GC heap after
Heap after GC invocations=40 (full 5):
 PSYoungGen      total 351232K, used 34790K [0x00000000e0000000, 0x00000000ff400000, 0x0000000100000000)
  eden space 203776K, 0% used [0x00000000e0000000,0x00000000e0000000,0x00000000ec700000)
  from space 147456K, 23% used [0x00000000ec700000,0x00000000ee8f9998,0x00000000f5700000)
  to   space 143872K, 0% used [0x00000000f6780000,0x00000000f6780000,0x00000000ff400000)
 ParOldGen       total 311296K, used 244649K [0x00000000a0000000, 0x00000000b3000000, 0x00000000e0000000)
  object space 311296K, 78% used [0x00000000a0000000,0x00000000aeeea6c0,0x00000000b3000000)
 Metaspace       used 112368K, capacity 117189K, committed 117400K, reserved 1150976K
  class space    used 14029K, capacity 15000K, committed 15008K, reserved 1048576K
}
Event: 623,610 GC heap before
{Heap before GC invocations=41 (full 6):
 PSYoungGen      total 351232K, used 34790K [0x00000000e0000000, 0x00000000ff400000, 0x0000000100000000)
  eden space 203776K, 0% used [0x00000000e0000000,0x00000000e0000000,0x00000000ec700000)
  from space 147456K, 23% used [0x00000000ec700000,0x00000000ee8f9998,0x00000000f5700000)
  to   space 143872K, 0% used [0x00000000f6780000,0x00000000f6780000,0x00000000ff400000)
 ParOldGen       total 311296K, used 244649K [0x00000000a0000000, 0x00000000b3000000, 0x00000000e0000000)
  object space 311296K, 78% used [0x00000000a0000000,0x00000000aeeea6c0,0x00000000b3000000)
 Metaspace       used 112368K, capacity 117189K, committed 117400K, reserved 1150976K
  class space    used 14029K, capacity 15000K, committed 15008K, reserved 1048576K

