# JRE version: OpenJDK Runtime Environment (8.0_152) (build 1.8.0_152-release-1343-b16-5323222)
# Java VM: OpenJDK 64-Bit Server VM (25.152-b16-5323222 mixed mode linux-amd64 compressed oops)
Heap:
 PSYoungGen      total 377856K, used 0K [0x00000000e0000000, 0x00000000fef80000, 0x0000000100000000)
  eden space 258560K, 0% used [0x00000000e0000000,0x00000000e0000000,0x00000000efc80000)
  from space 119296K, 0% used [0x00000000f7b00000,0x00000000f7b00000,0x00000000fef80000)
  to   space 124416K, 0% used [0x00000000efc80000,0x00000000efc80000,0x00000000f7600000)
 ParOldGen       total 399872K, used 237871K [0x00000000a0000000, 0x00000000b8680000, 0x00000000e0000000)
  object space 399872K, 59% used [0x00000000a0000000,0x00000000ae84bfe8,0x00000000b8680000)
 Metaspace       used 132834K, capacity 140451K, committed 169304K, reserved 1198080K
  class space    used 15940K, capacity 17251K, committed 20864K, reserved 1048576K
GC Heap History (10 events):
Event: 7559,439 GC heap after
Heap after GC invocations=140 (full 14):
 PSYoungGen      total 383488K, used 63843K [0x00000000e0000000, 0x0000000100000000, 0x0000000100000000)
  eden space 240640K, 0% used [0x00000000e0000000,0x00000000e0000000,0x00000000eeb00000)
  from space 142848K, 44% used [0x00000000f7480000,0x00000000fb2d8fc8,0x0000000100000000)
  to   space 140800K, 0% used [0x00000000eeb00000,0x00000000eeb00000,0x00000000f7480000)
 ParOldGen       total 399872K, used 166911K [0x00000000a0000000, 0x00000000b8680000, 0x00000000e0000000)
  object space 399872K, 41% used [0x00000000a0000000,0x00000000aa2ffc00,0x00000000b8680000)
 Metaspace       used 132730K, capacity 140387K, committed 169304K, reserved 1198080K
  class space    used 15940K, capacity 17251K, committed 20864K, reserved 1048576K
}
Event: 7566,113 GC heap before
{Heap before GC invocations=141 (full 14):
 PSYoungGen      total 383488K, used 304483K [0x00000000e0000000, 0x0000000100000000, 0x0000000100000000)
  eden space 240640K, 100% used [0x00000000e0000000,0x00000000eeb00000,0x00000000eeb00000)
  from space 142848K, 44% used [0x00000000f7480000,0x00000000fb2d8fc8,0x0000000100000000)
  to   space 140800K, 0% used [0x00000000eeb00000,0x00000000eeb00000,0x00000000f7480000)
 ParOldGen       total 399872K, used 166911K [0x00000000a0000000, 0x00000000b8680000, 0x00000000e0000000)
  object space 399872K, 41% used [0x00000000a0000000,0x00000000aa2ffc00,0x00000000b8680000)
 Metaspace       used 132832K, capacity 140451K, committed 169304K, reserved 1198080K
  class space    used 15940K, capacity 17251K, committed 20864K, reserved 1048576K
Event: 7566,212 GC heap after
Heap after GC invocations=141 (full 14):
 PSYoungGen      total 284672K, used 43607K [0x00000000e0000000, 0x00000000fec00000, 0x0000000100000000)
  eden space 240640K, 0% used [0x00000000e0000000,0x00000000e0000000,0x00000000eeb00000)
  from space 44032K, 99% used [0x00000000eeb00000,0x00000000f1595d20,0x00000000f1600000)
  to   space 131584K, 0% used [0x00000000f6b80000,0x00000000f6b80000,0x00000000fec00000)
 ParOldGen       total 399872K, used 225770K [0x00000000a0000000, 0x00000000b8680000, 0x00000000e0000000)
  object space 399872K, 56% used [0x00000000a0000000,0x00000000adc7a918,0x00000000b8680000)
 Metaspace       used 132832K, capacity 140451K, committed 169304K, reserved 1198080K
  class space    used 15940K, capacity 17251K, committed 20864K, reserved 1048576K
}
Event: 7567,028 GC heap before
{Heap before GC invocations=142 (full 14):
 PSYoungGen      total 284672K, used 284247K [0x00000000e0000000, 0x00000000fec00000, 0x0000000100000000)
  eden space 240640K, 100% used [0x00000000e0000000,0x00000000eeb00000,0x00000000eeb00000)
  from space 44032K, 99% used [0x00000000eeb00000,0x00000000f1595d20,0x00000000f1600000)
  to   space 131584K, 0% used [0x00000000f6b80000,0x00000000f6b80000,0x00000000fec00000)
 ParOldGen       total 399872K, used 225770K [0x00000000a0000000, 0x00000000b8680000, 0x00000000e0000000)
  object space 399872K, 56% used [0x00000000a0000000,0x00000000adc7a918,0x00000000b8680000)
 Metaspace       used 132832K, capacity 140451K, committed 169304K, reserved 1198080K
  class space    used 15940K, capacity 17251K, committed 20864K, reserved 1048576K
Event: 7567,146 GC heap after
Heap after GC invocations=142 (full 14):
 PSYoungGen      total 368640K, used 76518K [0x00000000e0000000, 0x0000000100000000, 0x0000000100000000)
  eden space 237056K, 0% used [0x00000000e0000000,0x00000000e0000000,0x00000000ee780000)
  from space 131584K, 58% used [0x00000000f6b80000,0x00000000fb6399f0,0x00000000fec00000)
  to   space 135168K, 0% used [0x00000000ee780000,0x00000000ee780000,0x00000000f6b80000)
 ParOldGen       total 399872K, used 238722K [0x00000000a0000000, 0x00000000b8680000, 0x00000000e0000000)
  object space 399872K, 59% used [0x00000000a0000000,0x00000000ae920948,0x00000000b8680000)
 Metaspace       used 132832K, capacity 140451K, committed 169304K, reserved 1198080K
  class space    used 15940K, capacity 17251K, committed 20864K, reserved 1048576K
}
Event: 7567,610 GC heap before
{Heap before GC invocations=143 (full 14):
 PSYoungGen      total 368640K, used 313574K [0x00000000e0000000, 0x0000000100000000, 0x0000000100000000)
  eden space 237056K, 100% used [0x00000000e0000000,0x00000000ee780000,0x00000000ee780000)
  from space 131584K, 58% used [0x00000000f6b80000,0x00000000fb6399f0,0x00000000fec00000)
  to   space 135168K, 0% used [0x00000000ee780000,0x00000000ee780000,0x00000000f6b80000)
 ParOldGen       total 399872K, used 238722K [0x00000000a0000000, 0x00000000b8680000, 0x00000000e0000000)
  object space 399872K, 59% used [0x00000000a0000000,0x00000000ae920948,0x00000000b8680000)
 Metaspace       used 132833K, capacity 140451K, committed 169304K, reserved 1198080K
  class space    used 15940K, capacity 17251K, committed 20864K, reserved 1048576K
Event: 7567,783 GC heap after
Heap after GC invocations=143 (full 14):
 PSYoungGen      total 372224K, used 57759K [0x00000000e0000000, 0x00000000ffa80000, 0x0000000100000000)
  eden space 237056K, 0% used [0x00000000e0000000,0x00000000e0000000,0x00000000ee780000)
  from space 135168K, 42% used [0x00000000ee780000,0x00000000f1fe7e00,0x00000000f6b80000)
  to   space 130560K, 0% used [0x00000000f7b00000,0x00000000f7b00000,0x00000000ffa80000)
 ParOldGen       total 399872K, used 272870K [0x00000000a0000000, 0x00000000b8680000, 0x00000000e0000000)
  object space 399872K, 68% used [0x00000000a0000000,0x00000000b0a799c8,0x00000000b8680000)
 Metaspace       used 132833K, capacity 140451K, committed 169304K, reserved 1198080K
  class space    used 15940K, capacity 17251K, committed 20864K, reserved 1048576K
}
Event: 7568,748 GC heap before
{Heap before GC invocations=144 (full 14):
 PSYoungGen      total 372224K, used 294815K [0x00000000e0000000, 0x00000000ffa80000, 0x0000000100000000)
  eden space 237056K, 100% used [0x00000000e0000000,0x00000000ee780000,0x00000000ee780000)
  from space 135168K, 42% used [0x00000000ee780000,0x00000000f1fe7e00,0x00000000f6b80000)
  to   space 130560K, 0% used [0x00000000f7b00000,0x00000000f7b00000,0x00000000ffa80000)
 ParOldGen       total 399872K, used 272870K [0x00000000a0000000, 0x00000000b8680000, 0x00000000e0000000)
  object space 399872K, 68% used [0x00000000a0000000,0x00000000b0a799c8,0x00000000b8680000)
 Metaspace       used 132834K, capacity 140451K, committed 169304K, reserved 1198080K
  class space    used 15940K, capacity 17251K, committed 20864K, reserved 1048576K
Event: 7568,909 GC heap after
Heap after GC invocations=144 (full 14):
 PSYoungGen      total 377856K, used 53787K [0x00000000e0000000, 0x00000000fef80000, 0x0000000100000000)
  eden space 258560K, 0% used [0x00000000e0000000,0x00000000e0000000,0x00000000efc80000)
  from space 119296K, 45% used [0x00000000f7b00000,0x00000000faf86f98,0x00000000fef80000)
  to   space 124416K, 0% used [0x00000000efc80000,0x00000000efc80000,0x00000000f7600000)
 ParOldGen       total 399872K, used 329192K [0x00000000a0000000, 0x00000000b8680000, 0x00000000e0000000)
  object space 399872K, 82% used [0x00000000a0000000,0x00000000b417a388,0x00000000b8680000)
 Metaspace       used 132834K, capacity 140451K, committed 169304K, reserved 1198080K
  class space    used 15940K, capacity 17251K, committed 20864K, reserved 1048576K
}
Event: 7568,909 GC heap before
{Heap before GC invocations=145 (full 15):
 PSYoungGen      total 377856K, used 53787K [0x00000000e0000000, 0x00000000fef80000, 0x0000000100000000)
  eden space 258560K, 0% used [0x00000000e0000000,0x00000000e0000000,0x00000000efc80000)
  from space 119296K, 45% used [0x00000000f7b00000,0x00000000faf86f98,0x00000000fef80000)
  to   space 124416K, 0% used [0x00000000efc80000,0x00000000efc80000,0x00000000f7600000)
 ParOldGen       total 399872K, used 329192K [0x00000000a0000000, 0x00000000b8680000, 0x00000000e0000000)
  object space 399872K, 82% used [0x00000000a0000000,0x00000000b417a388,0x00000000b8680000)
 Metaspace       used 132834K, capacity 140451K, committed 169304K, reserved 1198080K
  class space    used 15940K, capacity 17251K, committed 20864K, reserved 1048576K

